2025-01-12 20:53:22,842 - DEBUG - Verbinde mit Datenbank: media_metadata.db
2025-01-12 20:56:50,787 - DEBUG - Verbinde mit Datenbank: media_metadata.db
2025-01-12 20:56:51,063 - DEBUG - STREAM b'IHDR' 16 13
2025-01-12 20:56:51,063 - DEBUG - STREAM b'bKGD' 41 6
2025-01-12 20:56:51,063 - DEBUG - b'bKGD' 41 6 (unknown)
2025-01-12 20:56:51,063 - DEBUG - STREAM b'IDAT' 59 8192
2025-01-12 20:56:51,637 - DEBUG - STREAM b'IHDR' 16 13
2025-01-12 20:56:51,637 - DEBUG - STREAM b'IDAT' 41 17645
2025-01-12 20:56:51,685 - DEBUG - STREAM b'IHDR' 16 13
2025-01-12 20:56:51,685 - DEBUG - STREAM b'IDAT' 41 17645
2025-01-12 20:57:53,217 - DEBUG - Verbinde mit Datenbank: media_metadata.db
2025-01-12 20:57:53,424 - DEBUG - STREAM b'IHDR' 16 13
2025-01-12 20:57:53,424 - DEBUG - STREAM b'bKGD' 41 6
2025-01-12 20:57:53,424 - DEBUG - b'bKGD' 41 6 (unknown)
2025-01-12 20:57:53,424 - DEBUG - STREAM b'IDAT' 59 8192
2025-01-12 20:57:54,008 - DEBUG - STREAM b'IHDR' 16 13
2025-01-12 20:57:54,008 - DEBUG - STREAM b'IDAT' 41 18070
2025-01-12 20:57:54,057 - DEBUG - STREAM b'IHDR' 16 13
2025-01-12 20:57:54,057 - DEBUG - STREAM b'IDAT' 41 18070
2025-01-12 20:59:33,654 - DEBUG - Verbinde mit Datenbank: media_metadata.db
2025-01-12 20:59:33,885 - DEBUG - STREAM b'IHDR' 16 13
2025-01-12 20:59:33,885 - DEBUG - STREAM b'bKGD' 41 6
2025-01-12 20:59:33,885 - DEBUG - b'bKGD' 41 6 (unknown)
2025-01-12 20:59:33,885 - DEBUG - STREAM b'IDAT' 59 8192
2025-01-12 20:59:34,495 - DEBUG - STREAM b'IHDR' 16 13
2025-01-12 20:59:34,495 - DEBUG - STREAM b'IDAT' 41 21764
2025-01-12 20:59:34,542 - DEBUG - STREAM b'IHDR' 16 13
2025-01-12 20:59:34,543 - DEBUG - STREAM b'IDAT' 41 21764
2025-01-12 21:00:29,553 - DEBUG - Verbinde mit Datenbank: media_metadata.db
2025-01-12 21:00:29,800 - DEBUG - STREAM b'IHDR' 16 13
2025-01-12 21:00:29,800 - DEBUG - STREAM b'bKGD' 41 6
2025-01-12 21:00:29,800 - DEBUG - b'bKGD' 41 6 (unknown)
2025-01-12 21:00:29,800 - DEBUG - STREAM b'IDAT' 59 8192
2025-01-12 21:00:30,414 - DEBUG - STREAM b'IHDR' 16 13
2025-01-12 21:00:30,414 - DEBUG - STREAM b'IDAT' 41 20402
2025-01-12 21:00:30,464 - DEBUG - STREAM b'IHDR' 16 13
2025-01-12 21:00:30,465 - DEBUG - STREAM b'IDAT' 41 20402
2025-01-12 21:01:20,144 - DEBUG - Verbinde mit Datenbank: media_metadata.db
2025-01-12 21:01:20,342 - DEBUG - STREAM b'IHDR' 16 13
2025-01-12 21:01:20,343 - DEBUG - STREAM b'bKGD' 41 6
2025-01-12 21:01:20,343 - DEBUG - b'bKGD' 41 6 (unknown)
2025-01-12 21:01:20,343 - DEBUG - STREAM b'IDAT' 59 8192
2025-01-12 21:01:20,888 - DEBUG - STREAM b'IHDR' 16 13
2025-01-12 21:01:20,888 - DEBUG - STREAM b'IDAT' 41 13609
2025-01-12 21:01:20,922 - DEBUG - STREAM b'IHDR' 16 13
2025-01-12 21:01:20,922 - DEBUG - STREAM b'IDAT' 41 13609
2025-01-12 21:07:05,646 - DEBUG - Verbinde mit Datenbank: media_metadata.db
2025-01-12 21:07:05,850 - DEBUG - STREAM b'IHDR' 16 13
2025-01-12 21:07:05,851 - DEBUG - STREAM b'bKGD' 41 6
2025-01-12 21:07:05,851 - DEBUG - b'bKGD' 41 6 (unknown)
2025-01-12 21:07:05,851 - DEBUG - STREAM b'IDAT' 59 8192
2025-01-12 21:07:06,420 - DEBUG - STREAM b'IHDR' 16 13
2025-01-12 21:07:06,420 - DEBUG - STREAM b'IDAT' 41 19219
2025-01-12 21:07:06,468 - DEBUG - STREAM b'IHDR' 16 13
2025-01-12 21:07:06,468 - DEBUG - STREAM b'IDAT' 41 19219
2025-01-12 21:08:17,494 - DEBUG - Verbinde mit Datenbank: media_metadata.db
2025-01-12 21:08:17,688 - DEBUG - STREAM b'IHDR' 16 13
2025-01-12 21:08:17,688 - DEBUG - STREAM b'bKGD' 41 6
2025-01-12 21:08:17,688 - DEBUG - b'bKGD' 41 6 (unknown)
2025-01-12 21:08:17,688 - DEBUG - STREAM b'IDAT' 59 8192
2025-01-12 21:08:18,274 - DEBUG - STREAM b'IHDR' 16 13
2025-01-12 21:08:18,274 - DEBUG - STREAM b'IDAT' 41 19219
2025-01-12 21:08:18,321 - DEBUG - STREAM b'IHDR' 16 13
2025-01-12 21:08:18,321 - DEBUG - STREAM b'IDAT' 41 19219
2025-01-12 21:10:03,997 - DEBUG - Verbinde mit Datenbank: media_metadata.db
2025-01-12 21:10:04,082 - DEBUG - STREAM b'IHDR' 16 13
2025-01-12 21:10:04,082 - DEBUG - STREAM b'bKGD' 41 6
2025-01-12 21:10:04,082 - DEBUG - b'bKGD' 41 6 (unknown)
2025-01-12 21:10:04,082 - DEBUG - STREAM b'IDAT' 59 8192
2025-01-12 21:10:04,121 - DEBUG - STREAM b'IHDR' 16 13
2025-01-12 21:10:04,122 - DEBUG - STREAM b'IDAT' 41 15528
2025-01-12 21:10:04,124 - DEBUG - STREAM b'IHDR' 16 13
2025-01-12 21:10:04,124 - DEBUG - STREAM b'IDAT' 41 15528
2025-01-12 21:10:11,357 - DEBUG - Verbinde mit Datenbank: media_metadata.db
2025-01-12 21:10:11,445 - DEBUG - STREAM b'IHDR' 16 13
2025-01-12 21:10:11,446 - DEBUG - STREAM b'bKGD' 41 6
2025-01-12 21:10:11,446 - DEBUG - b'bKGD' 41 6 (unknown)
2025-01-12 21:10:11,446 - DEBUG - STREAM b'IDAT' 59 8192
2025-01-12 21:10:11,484 - DEBUG - STREAM b'IHDR' 16 13
2025-01-12 21:10:11,484 - DEBUG - STREAM b'IDAT' 41 15528
2025-01-12 21:10:11,487 - DEBUG - STREAM b'IHDR' 16 13
2025-01-12 21:10:11,487 - DEBUG - STREAM b'IDAT' 41 15528
2025-01-12 21:11:19,762 - DEBUG - Verbinde mit Datenbank: media_metadata.db
2025-01-12 21:11:19,841 - DEBUG - STREAM b'IHDR' 16 13
2025-01-12 21:11:19,841 - DEBUG - STREAM b'bKGD' 41 6
2025-01-12 21:11:19,841 - DEBUG - b'bKGD' 41 6 (unknown)
2025-01-12 21:11:19,841 - DEBUG - STREAM b'IDAT' 59 8192
2025-01-12 21:11:19,882 - DEBUG - STREAM b'IHDR' 16 13
2025-01-12 21:11:19,882 - DEBUG - STREAM b'IDAT' 41 15528
2025-01-12 21:11:19,884 - DEBUG - STREAM b'IHDR' 16 13
2025-01-12 21:11:19,885 - DEBUG - STREAM b'IDAT' 41 15528
2025-01-12 21:12:32,934 - DEBUG - Verbinde mit Datenbank: media_metadata.db
2025-01-12 21:12:33,010 - DEBUG - STREAM b'IHDR' 16 13
2025-01-12 21:12:33,010 - DEBUG - STREAM b'bKGD' 41 6
2025-01-12 21:12:33,010 - DEBUG - b'bKGD' 41 6 (unknown)
2025-01-12 21:12:33,010 - DEBUG - STREAM b'IDAT' 59 8192
2025-01-12 21:12:33,049 - DEBUG - STREAM b'IHDR' 16 13
2025-01-12 21:12:33,049 - DEBUG - STREAM b'IDAT' 41 15528
2025-01-12 21:12:33,052 - DEBUG - STREAM b'IHDR' 16 13
2025-01-12 21:12:33,052 - DEBUG - STREAM b'IDAT' 41 15528
2025-01-12 21:12:44,300 - DEBUG - Verbinde mit Datenbank: media_metadata.db
2025-01-12 21:12:44,385 - DEBUG - STREAM b'IHDR' 16 13
2025-01-12 21:12:44,385 - DEBUG - STREAM b'bKGD' 41 6
2025-01-12 21:12:44,385 - DEBUG - b'bKGD' 41 6 (unknown)
2025-01-12 21:12:44,385 - DEBUG - STREAM b'IDAT' 59 8192
2025-01-12 21:12:44,425 - DEBUG - STREAM b'IHDR' 16 13
2025-01-12 21:12:44,426 - DEBUG - STREAM b'IDAT' 41 15528
2025-01-12 21:12:44,428 - DEBUG - STREAM b'IHDR' 16 13
2025-01-12 21:12:44,428 - DEBUG - STREAM b'IDAT' 41 15528
2025-01-12 21:16:04,453 - DEBUG - Verbinde mit Datenbank: media_metadata.db
2025-01-12 21:16:04,518 - DEBUG - Daten geladen: 10190 Einträge
2025-01-12 21:16:04,520 - DEBUG - SVG-Datei 'alice_weidel_afd.svg' wurde erstellt mit Größe 1200x150.
2025-01-12 21:16:04,531 - DEBUG - STREAM b'IHDR' 16 13
2025-01-12 21:16:04,531 - DEBUG - STREAM b'bKGD' 41 6
2025-01-12 21:16:04,531 - DEBUG - b'bKGD' 41 6 (unknown)
2025-01-12 21:16:04,531 - DEBUG - STREAM b'IDAT' 59 8192
2025-01-12 21:16:04,569 - DEBUG - PNG-Datei 'alice_weidel_afd_logo.png' wurde erstellt und nachbearbeitet mit weißem Hintergrund.
2025-01-12 21:16:04,570 - DEBUG - STREAM b'IHDR' 16 13
2025-01-12 21:16:04,570 - DEBUG - STREAM b'IDAT' 41 15528
2025-01-12 21:16:04,572 - DEBUG - STREAM b'IHDR' 16 13
2025-01-12 21:16:04,572 - DEBUG - STREAM b'IDAT' 41 15528
2025-01-12 21:16:04,576 - DEBUG - Erstellen der Wortwolke für Kanal 'alice_weidel_afd' mit 411 einzigartigen Hashtags.
2025-01-12 21:18:24,497 - DEBUG - Verbinde mit Datenbank: media_metadata.db
2025-01-12 21:18:24,563 - DEBUG - Daten geladen: 10190 Einträge
2025-01-12 21:18:24,565 - DEBUG - SVG-Datei 'alice_weidel_afd.svg' wurde erstellt mit Größe 1200x150.
2025-01-12 21:18:24,576 - DEBUG - STREAM b'IHDR' 16 13
2025-01-12 21:18:24,576 - DEBUG - STREAM b'bKGD' 41 6
2025-01-12 21:18:24,576 - DEBUG - b'bKGD' 41 6 (unknown)
2025-01-12 21:18:24,576 - DEBUG - STREAM b'IDAT' 59 8192
2025-01-12 21:18:24,615 - DEBUG - PNG-Datei 'alice_weidel_afd_logo.png' wurde erstellt und nachbearbeitet mit weißem Hintergrund.
2025-01-12 21:18:24,616 - DEBUG - STREAM b'IHDR' 16 13
2025-01-12 21:18:24,616 - DEBUG - STREAM b'IDAT' 41 15528
2025-01-12 21:18:24,618 - DEBUG - STREAM b'IHDR' 16 13
2025-01-12 21:18:24,618 - DEBUG - STREAM b'IDAT' 41 15528
2025-01-12 21:18:24,622 - DEBUG - Erstellen der Wortwolke für Kanal 'alice_weidel_afd' mit 411 einzigartigen Hashtags.
2025-01-12 21:18:31,451 - DEBUG - Wortwolke 'alice_weidel_afd_wordcloud.png' wurde erstellt.
2025-01-12 21:19:46,117 - DEBUG - Verbinde mit Datenbank: media_metadata.db
2025-01-12 21:19:46,184 - DEBUG - Daten geladen: 10190 Einträge
2025-01-12 21:19:46,185 - DEBUG - SVG-Datei 'alice_weidel_afd.svg' wurde erstellt mit Größe 1200x150.
2025-01-12 21:19:46,197 - DEBUG - STREAM b'IHDR' 16 13
2025-01-12 21:19:46,197 - DEBUG - STREAM b'bKGD' 41 6
2025-01-12 21:19:46,197 - DEBUG - b'bKGD' 41 6 (unknown)
2025-01-12 21:19:46,197 - DEBUG - STREAM b'IDAT' 59 8192
2025-01-12 21:19:46,237 - DEBUG - PNG-Datei 'alice_weidel_afd_logo.png' wurde erstellt und nachbearbeitet mit weißem Hintergrund.
2025-01-12 21:19:46,238 - DEBUG - STREAM b'IHDR' 16 13
2025-01-12 21:19:46,238 - DEBUG - STREAM b'IDAT' 41 15528
2025-01-12 21:19:46,241 - DEBUG - STREAM b'IHDR' 16 13
2025-01-12 21:19:46,241 - DEBUG - STREAM b'IDAT' 41 15528
2025-01-12 21:19:46,245 - DEBUG - Erstellen der Wortwolke für Kanal 'alice_weidel_afd' mit 411 einzigartigen Hashtags.
2025-01-12 21:19:47,187 - DEBUG - Wortwolke 'alice_weidel_afd_wordcloud.png' wurde erstellt.
2025-01-12 21:20:23,765 - DEBUG - Verbinde mit Datenbank: media_metadata.db
2025-01-12 21:20:23,847 - DEBUG - Daten geladen: 10190 Einträge
2025-01-12 21:20:23,849 - DEBUG - SVG-Datei 'alice_weidel_afd.svg' wurde erstellt mit Größe 1200x150.
2025-01-12 21:20:23,861 - DEBUG - STREAM b'IHDR' 16 13
2025-01-12 21:20:23,861 - DEBUG - STREAM b'bKGD' 41 6
2025-01-12 21:20:23,861 - DEBUG - b'bKGD' 41 6 (unknown)
2025-01-12 21:20:23,861 - DEBUG - STREAM b'IDAT' 59 8192
2025-01-12 21:20:23,900 - DEBUG - PNG-Datei 'alice_weidel_afd_logo.png' wurde erstellt und nachbearbeitet mit weißem Hintergrund.
2025-01-12 21:20:23,901 - DEBUG - STREAM b'IHDR' 16 13
2025-01-12 21:20:23,901 - DEBUG - STREAM b'IDAT' 41 15528
2025-01-12 21:20:23,903 - DEBUG - STREAM b'IHDR' 16 13
2025-01-12 21:20:23,903 - DEBUG - STREAM b'IDAT' 41 15528
2025-01-12 21:20:23,907 - DEBUG - Erstellen der Wortwolke für Kanal 'alice_weidel_afd' mit 411 einzigartigen Hashtags.
2025-01-12 21:20:24,809 - DEBUG - Wortwolke 'alice_weidel_afd_wordcloud.png' wurde erstellt.
2025-01-12 21:20:37,537 - DEBUG - Verbinde mit Datenbank: media_metadata.db
2025-01-12 21:20:37,606 - DEBUG - Daten geladen: 10190 Einträge
2025-01-12 21:20:37,608 - DEBUG - SVG-Datei 'alice_weidel_afd.svg' wurde erstellt mit Größe 2800x350.
2025-01-12 21:20:37,664 - DEBUG - STREAM b'IHDR' 16 13
2025-01-12 21:20:37,664 - DEBUG - STREAM b'bKGD' 41 6
2025-01-12 21:20:37,664 - DEBUG - b'bKGD' 41 6 (unknown)
2025-01-12 21:20:37,664 - DEBUG - STREAM b'IDAT' 59 8192
2025-01-12 21:20:37,873 - DEBUG - PNG-Datei 'alice_weidel_afd_logo.png' wurde erstellt und nachbearbeitet mit weißem Hintergrund.
2025-01-12 21:20:37,878 - DEBUG - STREAM b'IHDR' 16 13
2025-01-12 21:20:37,878 - DEBUG - STREAM b'IDAT' 41 40418
2025-01-12 21:20:37,892 - DEBUG - STREAM b'IHDR' 16 13
2025-01-12 21:20:37,892 - DEBUG - STREAM b'IDAT' 41 40418
2025-01-12 21:20:37,908 - DEBUG - Erstellen der Wortwolke für Kanal 'alice_weidel_afd' mit 411 einzigartigen Hashtags.
2025-01-12 21:20:42,093 - DEBUG - Wortwolke 'alice_weidel_afd_wordcloud.png' wurde erstellt.
2025-01-12 21:21:01,166 - DEBUG - Verbinde mit Datenbank: media_metadata.db
2025-01-12 21:21:01,231 - DEBUG - Daten geladen: 10190 Einträge
2025-01-12 21:21:01,233 - DEBUG - SVG-Datei 'alice_weidel_afd.svg' wurde erstellt mit Größe 2800x350.
2025-01-12 21:21:01,285 - DEBUG - STREAM b'IHDR' 16 13
2025-01-12 21:21:01,285 - DEBUG - STREAM b'bKGD' 41 6
2025-01-12 21:21:01,285 - DEBUG - b'bKGD' 41 6 (unknown)
2025-01-12 21:21:01,285 - DEBUG - STREAM b'IDAT' 59 8192
2025-01-12 21:21:01,491 - DEBUG - PNG-Datei 'alice_weidel_afd_logo.png' wurde erstellt und nachbearbeitet mit weißem Hintergrund.
2025-01-12 21:21:01,495 - DEBUG - STREAM b'IHDR' 16 13
2025-01-12 21:21:01,495 - DEBUG - STREAM b'IDAT' 41 40418
2025-01-12 21:21:01,509 - DEBUG - STREAM b'IHDR' 16 13
2025-01-12 21:21:01,509 - DEBUG - STREAM b'IDAT' 41 40418
2025-01-12 21:21:01,526 - DEBUG - Erstellen der Wortwolke für Kanal 'alice_weidel_afd' mit 411 einzigartigen Hashtags.
2025-01-12 21:21:01,935 - DEBUG - Wortwolke 'alice_weidel_afd_wordcloud.png' wurde erstellt.
2025-01-12 21:21:31,492 - DEBUG - Verbinde mit Datenbank: media_metadata.db
2025-01-12 21:21:31,578 - DEBUG - Daten geladen: 10190 Einträge
2025-01-12 21:21:31,580 - DEBUG - SVG-Datei 'alice_weidel_afd.svg' wurde erstellt mit Größe 2800x350.
2025-01-12 21:21:31,632 - DEBUG - STREAM b'IHDR' 16 13
2025-01-12 21:21:31,632 - DEBUG - STREAM b'bKGD' 41 6
2025-01-12 21:21:31,632 - DEBUG - b'bKGD' 41 6 (unknown)
2025-01-12 21:21:31,632 - DEBUG - STREAM b'IDAT' 59 8192
2025-01-12 21:21:31,841 - DEBUG - PNG-Datei 'alice_weidel_afd_logo.png' wurde erstellt und nachbearbeitet mit weißem Hintergrund.
2025-01-12 21:21:31,846 - DEBUG - STREAM b'IHDR' 16 13
2025-01-12 21:21:31,846 - DEBUG - STREAM b'IDAT' 41 40418
2025-01-12 21:21:31,859 - DEBUG - STREAM b'IHDR' 16 13
2025-01-12 21:21:31,859 - DEBUG - STREAM b'IDAT' 41 40418
2025-01-12 21:21:31,876 - DEBUG - Erstellen der Wortwolke für Kanal 'alice_weidel_afd' mit 411 einzigartigen Hashtags.
2025-01-12 21:21:34,505 - DEBUG - Wortwolke 'alice_weidel_afd_wordcloud.png' wurde erstellt.
2025-01-12 21:23:18,522 - DEBUG - Verbinde mit Datenbank: media_metadata.db
2025-01-12 21:23:18,586 - DEBUG - Daten geladen: 10190 Einträge
2025-01-12 21:23:18,588 - DEBUG - SVG-Datei 'alice_weidel_afd.svg' wurde erstellt mit Größe 2800x350.
2025-01-12 21:23:18,642 - DEBUG - STREAM b'IHDR' 16 13
2025-01-12 21:23:18,642 - DEBUG - STREAM b'bKGD' 41 6
2025-01-12 21:23:18,642 - DEBUG - b'bKGD' 41 6 (unknown)
2025-01-12 21:23:18,642 - DEBUG - STREAM b'IDAT' 59 8192
2025-01-12 21:23:18,847 - DEBUG - PNG-Datei 'alice_weidel_afd_logo.png' wurde erstellt und nachbearbeitet mit weißem Hintergrund.
2025-01-12 21:23:18,852 - DEBUG - STREAM b'IHDR' 16 13
2025-01-12 21:23:18,852 - DEBUG - STREAM b'IDAT' 41 40418
2025-01-12 21:23:18,866 - DEBUG - STREAM b'IHDR' 16 13
2025-01-12 21:23:18,866 - DEBUG - STREAM b'IDAT' 41 40418
2025-01-12 21:23:18,882 - DEBUG - Erstellen der Wortwolke für Kanal 'alice_weidel_afd' mit 411 einzigartigen Hashtags.
2025-01-12 21:23:21,568 - DEBUG - Wortwolke 'alice_weidel_afd_wordcloud.png' wurde erstellt.
2025-01-12 21:23:41,051 - DEBUG - Verbinde mit Datenbank: media_metadata.db
2025-01-12 21:23:41,125 - DEBUG - Daten geladen: 10190 Einträge
2025-01-12 21:23:41,128 - DEBUG - SVG-Datei 'alice_weidel_afd.svg' wurde erstellt mit Größe 2800x350.
2025-01-12 21:23:41,180 - DEBUG - STREAM b'IHDR' 16 13
2025-01-12 21:23:41,180 - DEBUG - STREAM b'bKGD' 41 6
2025-01-12 21:23:41,180 - DEBUG - b'bKGD' 41 6 (unknown)
2025-01-12 21:23:41,180 - DEBUG - STREAM b'IDAT' 59 8192
2025-01-12 21:23:41,398 - DEBUG - PNG-Datei 'alice_weidel_afd_logo.png' wurde erstellt und nachbearbeitet mit weißem Hintergrund.
2025-01-12 21:23:41,403 - DEBUG - STREAM b'IHDR' 16 13
2025-01-12 21:23:41,403 - DEBUG - STREAM b'IDAT' 41 40418
2025-01-12 21:23:41,417 - DEBUG - STREAM b'IHDR' 16 13
2025-01-12 21:23:41,417 - DEBUG - STREAM b'IDAT' 41 40418
2025-01-12 21:23:41,434 - DEBUG - Erstellen der Wortwolke für Kanal 'alice_weidel_afd' mit 411 einzigartigen Hashtags.
2025-01-12 21:23:48,647 - DEBUG - Wortwolke 'alice_weidel_afd_wordcloud.png' wurde erstellt.
2025-01-12 21:24:58,709 - DEBUG - Verbinde mit Datenbank: media_metadata.db
2025-01-12 21:24:58,771 - DEBUG - Daten geladen: 10190 Einträge
2025-01-12 21:24:58,773 - DEBUG - SVG-Datei 'alice_weidel_afd.svg' wurde erstellt mit Größe 3600x450.
2025-01-12 21:24:58,862 - DEBUG - STREAM b'IHDR' 16 13
2025-01-12 21:24:58,863 - DEBUG - STREAM b'bKGD' 41 6
2025-01-12 21:24:58,863 - DEBUG - b'bKGD' 41 6 (unknown)
2025-01-12 21:24:58,863 - DEBUG - STREAM b'IDAT' 59 8192
2025-01-12 21:24:59,198 - DEBUG - PNG-Datei 'alice_weidel_afd_logo.png' wurde erstellt und nachbearbeitet mit weißem Hintergrund.
2025-01-12 21:24:59,206 - DEBUG - STREAM b'IHDR' 16 13
2025-01-12 21:24:59,206 - DEBUG - STREAM b'IDAT' 41 55774
2025-01-12 21:24:59,228 - DEBUG - STREAM b'IHDR' 16 13
2025-01-12 21:24:59,228 - DEBUG - STREAM b'IDAT' 41 55774
2025-01-12 21:24:59,255 - DEBUG - Erstellen der Wortwolke für Kanal 'alice_weidel_afd' mit 411 einzigartigen Hashtags.
2025-01-12 21:25:23,809 - DEBUG - Wortwolke 'alice_weidel_afd_wordcloud.png' wurde erstellt.
2025-01-12 21:25:39,403 - DEBUG - Verbinde mit Datenbank: media_metadata.db
2025-01-12 21:25:39,467 - DEBUG - Daten geladen: 10190 Einträge
2025-01-12 21:25:39,468 - DEBUG - SVG-Datei 'alice_weidel_afd.svg' wurde erstellt mit Größe 3600x450.
2025-01-12 21:25:39,555 - DEBUG - STREAM b'IHDR' 16 13
2025-01-12 21:25:39,555 - DEBUG - STREAM b'bKGD' 41 6
2025-01-12 21:25:39,555 - DEBUG - b'bKGD' 41 6 (unknown)
2025-01-12 21:25:39,555 - DEBUG - STREAM b'IDAT' 59 8192
2025-01-12 21:25:39,922 - DEBUG - PNG-Datei 'alice_weidel_afd_logo.png' wurde erstellt und nachbearbeitet mit weißem Hintergrund.
2025-01-12 21:25:39,929 - DEBUG - STREAM b'IHDR' 16 13
2025-01-12 21:25:39,929 - DEBUG - STREAM b'IDAT' 41 55774
2025-01-12 21:25:39,953 - DEBUG - STREAM b'IHDR' 16 13
2025-01-12 21:25:39,953 - DEBUG - STREAM b'IDAT' 41 55774
2025-01-12 21:25:39,980 - DEBUG - Erstellen der Wortwolke für Kanal 'alice_weidel_afd' mit 411 einzigartigen Hashtags.
2025-01-12 21:26:40,729 - DEBUG - Wortwolke 'alice_weidel_afd_wordcloud.png' wurde erstellt.
2025-01-12 21:28:58,040 - DEBUG - Verbinde mit Datenbank: media_metadata.db
2025-01-12 21:28:58,101 - DEBUG - Daten geladen: 10190 Einträge
2025-01-12 21:28:58,103 - DEBUG - SVG-Datei 'alice_weidel_afd.svg' wurde erstellt mit Größe 3600x450.
2025-01-12 21:28:58,189 - DEBUG - STREAM b'IHDR' 16 13
2025-01-12 21:28:58,189 - DEBUG - STREAM b'bKGD' 41 6
2025-01-12 21:28:58,189 - DEBUG - b'bKGD' 41 6 (unknown)
2025-01-12 21:28:58,189 - DEBUG - STREAM b'IDAT' 59 8192
2025-01-12 21:28:58,538 - DEBUG - PNG-Datei 'alice_weidel_afd_logo.png' wurde erstellt und nachbearbeitet mit weißem Hintergrund.
2025-01-12 21:28:58,547 - DEBUG - STREAM b'IHDR' 16 13
2025-01-12 21:28:58,547 - DEBUG - STREAM b'IDAT' 41 63085
2025-01-12 21:28:58,571 - DEBUG - STREAM b'IHDR' 16 13
2025-01-12 21:28:58,571 - DEBUG - STREAM b'IDAT' 41 63085
2025-01-12 21:28:58,601 - DEBUG - Erstellen der Wortwolke für Kanal 'alice_weidel_afd' mit 411 einzigartigen Hashtags.
2025-01-12 21:30:05,900 - DEBUG - Wortwolke 'alice_weidel_afd_wordcloud.png' wurde erstellt.
2025-01-12 21:30:59,270 - DEBUG - Verbinde mit Datenbank: media_metadata.db
2025-01-12 21:30:59,335 - DEBUG - Daten geladen: 10190 Einträge
2025-01-12 21:30:59,337 - DEBUG - SVG-Datei 'alice_weidel_afd.svg' wurde erstellt mit Größe 3600x450.
2025-01-12 21:30:59,426 - DEBUG - STREAM b'IHDR' 16 13
2025-01-12 21:30:59,426 - DEBUG - STREAM b'bKGD' 41 6
2025-01-12 21:30:59,426 - DEBUG - b'bKGD' 41 6 (unknown)
2025-01-12 21:30:59,426 - DEBUG - STREAM b'IDAT' 59 8192
2025-01-12 21:30:59,805 - DEBUG - PNG-Datei 'alice_weidel_afd_logo.png' wurde erstellt und nachbearbeitet mit weißem Hintergrund.
2025-01-12 21:30:59,815 - DEBUG - STREAM b'IHDR' 16 13
2025-01-12 21:30:59,815 - DEBUG - STREAM b'IDAT' 41 63085
2025-01-12 21:30:59,840 - DEBUG - STREAM b'IHDR' 16 13
2025-01-12 21:30:59,840 - DEBUG - STREAM b'IDAT' 41 63085
2025-01-12 21:30:59,869 - DEBUG - Erstellen der Wortwolke für Kanal 'alice_weidel_afd' mit 411 einzigartigen Hashtags.
2025-01-12 21:34:09,538 - DEBUG - Wortwolke 'alice_weidel_afd_wordcloud.png' wurde erstellt.
2025-01-12 21:41:22,208 - DEBUG - Verbinde mit Datenbank: media_metadata.db
2025-01-12 21:41:22,292 - DEBUG - Daten geladen: 10190 Einträge
2025-01-12 21:41:22,294 - DEBUG - SVG-Datei 'alice_weidel_afd.svg' wurde erstellt mit Größe 3700x450.
2025-01-12 21:41:22,393 - DEBUG - STREAM b'IHDR' 16 13
2025-01-12 21:41:22,393 - DEBUG - STREAM b'bKGD' 41 6
2025-01-12 21:41:22,393 - DEBUG - b'bKGD' 41 6 (unknown)
2025-01-12 21:41:22,393 - DEBUG - STREAM b'IDAT' 59 8192
2025-01-12 21:41:22,768 - DEBUG - PNG-Datei 'alice_weidel_afd_logo.png' wurde erstellt und nachbearbeitet mit weißem Hintergrund.
2025-01-12 21:41:22,778 - DEBUG - STREAM b'IHDR' 16 13
2025-01-12 21:41:22,778 - DEBUG - STREAM b'IDAT' 41 63550
2025-01-12 21:41:22,802 - DEBUG - STREAM b'IHDR' 16 13
2025-01-12 21:41:22,802 - DEBUG - STREAM b'IDAT' 41 63550
2025-01-12 21:41:22,831 - DEBUG - Erstellen der Wortwolke für Kanal 'alice_weidel_afd' mit 411 einzigartigen Hashtags.
2025-01-12 21:42:05,198 - DEBUG - STREAM b'IHDR' 16 13
2025-01-12 21:42:05,198 - DEBUG - STREAM b'IDAT' 41 46078
2025-01-12 21:42:05,241 - DEBUG - STREAM b'IHDR' 16 13
2025-01-12 21:42:05,241 - DEBUG - STREAM b'IDAT' 41 46078
2025-01-12 21:43:12,178 - DEBUG - STREAM b'IHDR' 16 13
2025-01-12 21:43:12,178 - DEBUG - STREAM b'IDAT' 41 46078
2025-01-12 21:43:12,220 - DEBUG - STREAM b'IHDR' 16 13
2025-01-12 21:43:12,220 - DEBUG - STREAM b'IDAT' 41 46078
2025-01-12 21:43:52,135 - DEBUG - STREAM b'IHDR' 16 13
2025-01-12 21:43:52,136 - DEBUG - STREAM b'IDAT' 41 46078
2025-01-12 21:43:52,188 - DEBUG - STREAM b'IHDR' 16 13
2025-01-12 21:43:52,188 - DEBUG - STREAM b'IDAT' 41 46078
2025-01-12 21:45:42,113 - DEBUG - STREAM b'IHDR' 16 13
2025-01-12 21:45:42,113 - DEBUG - STREAM b'IDAT' 41 46078
2025-01-12 21:45:42,152 - DEBUG - STREAM b'IHDR' 16 13
2025-01-12 21:45:42,152 - DEBUG - STREAM b'IDAT' 41 46078
2025-01-12 21:47:51,731 - DEBUG - STREAM b'IHDR' 16 13
2025-01-12 21:47:51,731 - DEBUG - STREAM b'IDAT' 41 46078
2025-01-12 21:47:51,776 - DEBUG - STREAM b'IHDR' 16 13
2025-01-12 21:47:51,776 - DEBUG - STREAM b'IDAT' 41 46078
2025-01-12 22:03:36,263 - DEBUG - STREAM b'IHDR' 16 13
2025-01-12 22:03:36,263 - DEBUG - STREAM b'IDAT' 41 46078
2025-01-12 22:03:36,300 - DEBUG - STREAM b'IHDR' 16 13
2025-01-12 22:03:36,300 - DEBUG - STREAM b'IDAT' 41 46078
2025-01-12 22:09:16,707 - DEBUG - STREAM b'IHDR' 16 13
2025-01-12 22:09:16,707 - DEBUG - STREAM b'IDAT' 41 46078
2025-01-12 22:09:16,751 - DEBUG - STREAM b'IHDR' 16 13
2025-01-12 22:09:16,751 - DEBUG - STREAM b'IDAT' 41 46078
2025-01-12 23:27:21,044 - DEBUG - STREAM b'IHDR' 16 13
2025-01-12 23:27:21,044 - DEBUG - STREAM b'IDAT' 41 46078
2025-01-12 23:27:21,086 - DEBUG - STREAM b'IHDR' 16 13
2025-01-12 23:27:21,086 - DEBUG - STREAM b'IDAT' 41 46078
2025-01-12 23:28:00,628 - DEBUG - STREAM b'IHDR' 16 13
2025-01-12 23:28:00,629 - DEBUG - STREAM b'IDAT' 41 46078
2025-01-12 23:28:00,673 - DEBUG - STREAM b'IHDR' 16 13
2025-01-12 23:28:00,673 - DEBUG - STREAM b'IDAT' 41 46078
